mode: set
location-service/internal/config/config.go:15.37,20.24 4 0
location-service/internal/config/config.go:23.2,23.17 1 0
location-service/internal/config/config.go:20.24,22.3 1 0
location-service/internal/config/config.go:26.36,28.2 1 1
location-service/internal/config/config.go:34.61,36.16 2 0
location-service/internal/config/config.go:40.2,43.16 3 0
location-service/internal/config/config.go:46.2,46.17 1 0
location-service/internal/config/config.go:36.16,38.3 1 0
location-service/internal/config/config.go:43.16,45.3 1 0
location-service/internal/config/config.go:49.34,51.2 1 1
location-service/internal/config/config.go:53.58,55.16 2 0
location-service/internal/config/config.go:58.2,58.22 1 0
location-service/internal/config/config.go:55.16,57.3 1 0
location-service/internal/config/config.go:61.60,63.55 2 0
location-service/internal/config/config.go:66.2,66.17 1 0
location-service/internal/config/config.go:63.55,65.3 1 0
location-service/internal/stream/drain.go:13.24,17.2 1 1
location-service/internal/stream/drain.go:21.49,23.2 1 1
location-service/internal/stream/drain.go:27.48,29.2 1 1
location-service/internal/stream/drain.go:32.45,33.9 1 1
location-service/internal/stream/drain.go:34.24,35.14 1 1
location-service/internal/stream/drain.go:36.10,37.15 1 0
location-service/internal/stream/drain.go:43.44,44.9 1 1
location-service/internal/stream/drain.go:45.25,46.20 1 1
location-service/internal/stream/drain.go:47.10,48.20 1 1
location-service/internal/stream/drain.go:53.25,55.2 1 0
location-service/internal/storage/redis/geodb.go:33.40,41.2 3 1
location-service/internal/storage/redis/geodb.go:44.41,57.2 4 0
location-service/internal/storage/redis/geodb.go:60.49,74.2 4 0
location-service/internal/storage/redis/geodb.go:80.58,81.18 1 0
location-service/internal/storage/redis/geodb.go:85.2,90.23 4 0
location-service/internal/storage/redis/geodb.go:102.2,103.12 2 0
location-service/internal/storage/redis/geodb.go:81.18,83.3 1 0
location-service/internal/storage/redis/geodb.go:90.23,100.3 1 0
location-service/internal/storage/redis/geodb.go:107.52,114.16 5 0
location-service/internal/storage/redis/geodb.go:117.2,117.16 1 0
location-service/internal/storage/redis/geodb.go:121.2,121.53 1 0
location-service/internal/storage/redis/geodb.go:114.16,116.3 1 0
location-service/internal/storage/redis/geodb.go:117.16,119.3 1 0
location-service/internal/storage/redis/geodb.go:126.64,139.2 3 0
location-service/internal/storage/redis/geodb.go:146.73,147.18 1 1
location-service/internal/storage/redis/geodb.go:151.2,154.23 3 1
location-service/internal/storage/redis/geodb.go:170.2,170.37 1 1
location-service/internal/storage/redis/geodb.go:174.2,175.32 2 1
location-service/internal/storage/redis/geodb.go:147.18,149.3 1 1
location-service/internal/storage/redis/geodb.go:154.23,165.17 2 1
location-service/internal/storage/redis/geodb.go:165.17,167.4 1 0
location-service/internal/storage/redis/geodb.go:170.37,172.3 1 1
location-service/internal/storage/redis/geodb.go:180.82,183.30 2 1
location-service/internal/storage/redis/geodb.go:192.2,192.21 1 1
location-service/internal/storage/redis/geodb.go:183.30,185.17 2 1
location-service/internal/storage/redis/geodb.go:189.3,189.54 1 1
location-service/internal/storage/redis/geodb.go:185.17,187.4 1 1
location-service/internal/storage/redis/geodb.go:197.48,210.2 4 0
location-service/internal/storage/redis/geodb.go:214.44,220.2 4 0
location-service/internal/storage/redis/geodb.go:224.53,225.18 1 0
location-service/internal/storage/redis/geodb.go:229.2,233.23 4 0
location-service/internal/storage/redis/geodb.go:237.2,238.12 2 0
location-service/internal/storage/redis/geodb.go:225.18,227.3 1 0
location-service/internal/storage/redis/geodb.go:233.23,235.3 1 0
location-service/internal/storage/redis/geodb.go:242.32,248.2 4 1
location-service/internal/storage/redis/keydb.go:14.40,24.2 4 0
location-service/internal/storage/redis/keydb.go:26.45,32.2 4 0
location-service/internal/storage/redis/keydb.go:34.53,40.16 4 0
location-service/internal/storage/redis/keydb.go:44.2,44.12 1 0
location-service/internal/storage/redis/keydb.go:40.16,42.3 1 0
location-service/internal/storage/redis/keydb.go:47.50,53.16 4 0
location-service/internal/storage/redis/keydb.go:57.2,57.31 1 0
location-service/internal/storage/redis/keydb.go:53.16,55.3 1 0
location-service/internal/storage/redis/keydb.go:60.43,66.2 4 0
location-service/internal/storage/redis/keydb.go:68.43,73.16 4 0
location-service/internal/storage/redis/keydb.go:77.2,78.23 2 0
location-service/internal/storage/redis/keydb.go:73.16,75.3 1 0
location-service/internal/storage/redis/keydb.go:81.32,87.2 4 0
location-service/internal/storage/redis/pool.go:20.55,27.43 2 1
location-service/internal/storage/redis/pool.go:30.2,30.13 1 1
location-service/internal/storage/redis/pool.go:27.43,27.88 1 0
location-service/internal/storage/redis/pool.go:33.57,42.2 1 1
location-service/internal/storage/redis/extensions.go:13.40,24.2 1 1
location-service/internal/storage/redis/extensions.go:26.40,53.2 1 1
location-service/internal/storage/redis/extensions.go:57.87,60.35 2 1
location-service/internal/storage/redis/extensions.go:65.2,65.22 1 1
location-service/internal/storage/redis/extensions.go:60.35,63.3 2 1
location-service/internal/tracking/service.go:21.76,27.2 1 1
location-service/internal/tracking/service.go:29.68,32.2 2 0
location-service/internal/tracking/service.go:34.49,40.12 3 0
location-service/internal/tracking/service.go:59.2,59.12 1 0
location-service/internal/tracking/service.go:40.12,41.22 1 0
location-service/internal/tracking/service.go:41.22,44.28 2 0
location-service/internal/tracking/service.go:48.4,55.25 7 0
location-service/internal/tracking/service.go:44.28,45.13 1 0
location-service/internal/tracking/service.go:62.57,73.2 10 0
location-service/internal/tracking/service.go:76.60,84.2 1 0
location-service/internal/tracking/service.go:87.50,89.2 1 0
location-service/internal/tracking/service.go:92.100,95.16 2 0
location-service/internal/tracking/service.go:99.2,105.24 5 0
location-service/internal/tracking/service.go:95.16,97.3 1 0
location-service/internal/tracking/service.go:111.56,116.2 2 0
location-service/internal/tracking/service.go:119.48,121.2 1 0
location-service/internal/tracking/service.go:124.101,125.41 1 1
location-service/internal/tracking/service.go:129.2,130.22 2 1
location-service/internal/tracking/service.go:125.41,127.3 1 1
location-service/internal/tracking/service.go:134.85,136.16 2 0
location-service/internal/tracking/service.go:140.2,140.37 1 0
location-service/internal/tracking/service.go:144.2,148.17 4 0
location-service/internal/tracking/service.go:136.16,138.3 1 0
location-service/internal/tracking/service.go:140.37,142.3 1 0
location-service/internal/storage/wrapper/courier_store.go:9.58,13.2 1 0
location-service/internal/storage/wrapper/courier_store.go:15.108,19.2 1 0
location-service/internal/storage/wrapper/courier_store.go:21.66,25.2 1 0
location-service/internal/storage/wrapper/courier_store.go:27.74,31.2 1 0
location-service/internal/storage/wrapper/courier_store.go:33.56,37.2 1 0
location-service/internal/storage/wrapper/item_store.go:26.80,32.2 1 1
location-service/internal/storage/wrapper/item_store.go:34.53,39.2 1 1
location-service/internal/storage/wrapper/item_store.go:42.63,44.16 2 0
location-service/internal/storage/wrapper/item_store.go:48.2,48.53 1 0
location-service/internal/storage/wrapper/item_store.go:52.2,57.5 1 0
location-service/internal/storage/wrapper/item_store.go:44.16,46.3 1 0
location-service/internal/storage/wrapper/item_store.go:48.53,50.3 1 0
location-service/internal/storage/wrapper/item_store.go:61.71,65.16 3 0
location-service/internal/storage/wrapper/item_store.go:69.2,70.15 2 0
location-service/internal/storage/wrapper/item_store.go:65.16,67.3 1 0
location-service/internal/storage/wrapper/item_store.go:74.100,85.2 2 0
location-service/internal/storage/wrapper/item_store.go:89.102,107.2 2 1
location-service/internal/storage/wrapper/item_store.go:110.59,112.16 2 0
location-service/internal/storage/wrapper/item_store.go:116.2,116.56 1 0
location-service/internal/storage/wrapper/item_store.go:120.2,130.5 1 0
location-service/internal/storage/wrapper/item_store.go:112.16,114.3 1 0
location-service/internal/storage/wrapper/item_store.go:116.56,118.3 1 0
location-service/internal/storage/wrapper/item_store.go:134.45,135.43 1 0
location-service/internal/storage/wrapper/item_store.go:139.2,141.57 1 0
location-service/internal/storage/wrapper/item_store.go:135.43,137.3 1 0
location-service/internal/storage/wrapper/item_store.go:145.49,151.2 1 0
location-service/internal/storage/wrapper/item_store.go:154.51,160.2 1 0
location-service/internal/storage/wrapper/order_store.go:9.54,13.2 1 1
location-service/internal/storage/wrapper/order_store.go:15.105,18.2 2 1
location-service/internal/storage/wrapper/order_store.go:20.114,24.2 1 0
location-service/internal/storage/wrapper/order_store.go:26.60,30.2 1 0
location-service/internal/storage/wrapper/order_store.go:32.68,36.2 1 0
location-service/internal/storage/wrapper/order_store.go:38.52,42.2 1 0
location-service/internal/order.go:7.33,11.2 1 0
location-service/internal/tracked_item.go:31.45,37.2 1 1
location-service/internal/tracked_item.go:39.53,41.2 1 1
location-service/internal/tracked_item.go:43.55,45.2 1 1
location-service/internal/tracked_item.go:47.38,49.2 1 1
location-service/internal/tracked_item.go:51.38,53.2 1 1
location-service/internal/tracked_item.go:55.38,57.2 1 1
location-service/internal/tracked_item.go:59.40,61.2 1 1
location-service/internal/tracked_item.go:63.40,65.2 1 1
location-service/internal/tracked_item.go:67.46,69.2 1 0
location-service/internal/tracked_item.go:71.49,73.2 1 1
location-service/internal/tracked_item.go:75.40,76.43 1 0
location-service/internal/tracked_item.go:80.2,86.3 1 0
location-service/internal/tracked_item.go:76.43,78.3 1 0
location-service/internal/courier.go:12.37,16.2 1 0
location-service/internal/courier.go:18.39,20.2 1 1
location-service/internal/courier.go:22.38,24.2 1 1
location-service/internal/courier.go:26.36,27.49 1 0
location-service/internal/courier.go:31.2,33.3 1 0
location-service/internal/courier.go:27.49,29.3 1 0
location-service/internal/location.go:17.45,22.2 1 1
location-service/internal/location.go:24.36,31.2 1 0
